<?xml version="1.0" encoding="UTF-8"?>
<!-- Generated by org.testng.reporters.JUnitXMLReporter -->
<testsuite hostname="IBM-DOTNET-001" ignored="1" name="Default test" tests="3" failures="0" timestamp="03 May 2021 04:26:21 GMT" time="13.332" errors="0">
  <testcase name="Login" time="8.422" classname="LiveProject.PostMethodWithBodyandresponseasjson"/>
  <testcase name="getallusers" time="3.055" classname="LiveProject.PostMethodWithBodyandresponseasjson"/>
  <testcase name="deleteuser" time="1.759" classname="LiveProject.PostMethodWithBodyandresponseasjson"/>
  <testcase name="Signup" time="0.0" classname="LiveProject.PostMethodWithBodyandresponseasjson">
    <ignored/>
  </testcase> <!-- Signup -->
</testsuite> <!-- Default test -->
