<?xml version="1.0" encoding="UTF-8"?>
<testng-results skipped="0" failed="0" ignored="1" total="4" passed="3">
  <reporter-output>
  </reporter-output>
  <suite name="Default suite" duration-ms="13332" started-at="2021-05-03T04:26:08Z" finished-at="2021-05-03T04:26:21Z">
    <groups>
    </groups>
    <test name="Default test" duration-ms="13332" started-at="2021-05-03T04:26:08Z" finished-at="2021-05-03T04:26:21Z">
      <class name="LiveProject.PostMethodWithBodyandresponseasjson">
        <test-method status="PASS" signature="Login()[pri:0, instance:LiveProject.PostMethodWithBodyandresponseasjson@14ba872]" name="Login" duration-ms="8422" started-at="2021-05-03T09:56:08Z" finished-at="2021-05-03T09:56:17Z">
          <reporter-output>
          </reporter-output>
        </test-method> <!-- Login -->
        <test-method status="PASS" signature="getallusers()[pri:1, instance:LiveProject.PostMethodWithBodyandresponseasjson@14ba872]" name="getallusers" duration-ms="3055" started-at="2021-05-03T09:56:17Z" finished-at="2021-05-03T09:56:20Z">
          <reporter-output>
          </reporter-output>
        </test-method> <!-- getallusers -->
        <test-method status="PASS" signature="deleteuser()[pri:2, instance:LiveProject.PostMethodWithBodyandresponseasjson@14ba872]" name="deleteuser" duration-ms="1759" started-at="2021-05-03T09:56:20Z" finished-at="2021-05-03T09:56:21Z">
          <reporter-output>
          </reporter-output>
        </test-method> <!-- deleteuser -->
      </class> <!-- LiveProject.PostMethodWithBodyandresponseasjson -->
    </test> <!-- Default test -->
  </suite> <!-- Default suite -->
</testng-results>
